<?xml version="1.0" encoding="UTF-8"?>
  <testsuite name="Launch client" tests="4" failures="0" errors="0" time="0">
      <testcase name="Notification Check launch Negative: returns error if no launch are set" classname="Launch client" time="1.8113e-05"></testcase>
      <testcase name="Notification Check launch Positive: returns launch" classname="Launch client" time="0.0001566"></testcase>
      <testcase name="Notification Check launches Negative: returns error if no launch are set" classname="Launch client" time="2.242e-06"></testcase>
      <testcase name="Notification Check launches Positive: returns launch" classname="Launch client" time="9.755e-06"></testcase>
  </testsuite>